<component name="ProjectRunConfigurationManager">
  <configuration default="false" name="JUnit: Tests" type="JUnit" factoryName="JUnit">
    <module name="whicher" />
    <option name="ALTERNATIVE_JRE_PATH_ENABLED" value="true" />
    <option name="ALTERNATIVE_JRE_PATH" value="1.8" />
    <option name="PACKAGE_NAME" value="" />
    <option name="MAIN_CLASS_NAME" value="" />
    <option name="METHOD_NAME" value="" />
    <option name="TEST_OBJECT" value="package" />
    <option name="PARAMETERS" value="" />
    <option name="WORKING_DIRECTORY" value="$MODULE_DIR$" />
    <method v="2">
      <option name="Make" enabled="true" />
    </method>
  </configuration>
</component>